<?xml version="1.0" encoding="UTF-8"?>
<testsuite xmlns:xsi="http://www.w3.org/2001/XMLSchema-instance" xsi:noNamespaceSchemaLocation="https://maven.apache.org/surefire/maven-surefire-plugin/xsd/surefire-test-report-3.0.xsd" version="3.0" name="testRunner.TestRunner" time="190.774" tests="3" errors="0" skipped="0" failures="0">
  <properties>
[...]
</properties>
  <testcase name="Successful of Search" classname="Verify the Search Functionality of Cab #1" time="46.728">
    <system-out><![CDATA[
@smoke
Scenario: Successful of Search                                       # Features/TS_001.feature:4
  Given the user navigates to page                                   # stepDefinitions.TS01_TC_01.the_user_navigates_to_page()

    Embedding Successful of Search [image/png 204875 bytes]

  Then user close the Ads                                            # stepDefinitions.TS01_TC_01.user_close_the_ads()

    Embedding Successful of Search [image/png 854172 bytes]

  And user click the Cab icon                                        # stepDefinitions.TS01_TC_01.user_click_the_cab_icon()

    Embedding Successful of Search [image/png 364081 bytes]

  And user click the One-Way cab                                     # stepDefinitions.TS01_TC_01.user_click_the_one_way_cab()

    Embedding Successful of Search [image/png 216429 bytes]

  When user enter from "Delhi"                                       # stepDefinitions.TS01_TC_01.user_enter_from(java.lang.String)

    Embedding Successful of Search [image/png 224960 bytes]

  And user enter to "Manali, Himachal Pradesh"                       # stepDefinitions.TS01_TC_01.user_enter_to(java.lang.String)

    Embedding Successful of Search [image/png 205484 bytes]

  And user enter Departure "Apr 21 2024"                             # stepDefinitions.TS01_TC_01.user_enter_departure(java.lang.String)

    Embedding Successful of Search [image/png 204845 bytes]

  And user enter Pickup Time-Hours "6"                               # stepDefinitions.TS01_TC_01.user_enter_pickup_time_hours(java.lang.String)

    Embedding Successful of Search [image/png 248869 bytes]

  And user enter Pickup Time-Min "30"                                # stepDefinitions.TS01_TC_01.user_enter_pickup_time_min(java.lang.String)

    Embedding Successful of Search [image/png 215184 bytes]

  And user enter Pickup Time-Meridiam "AM"                           # stepDefinitions.TS01_TC_01.user_enter_pickup_time_meridiam(java.lang.String)

    Embedding Successful of Search [image/png 206378 bytes]

  Then Click on Apply button                                         # stepDefinitions.TS01_TC_01.click_on_apply_button()

    Embedding Successful of Search [image/png 211794 bytes]

  And Click on Search button                                         # stepDefinitions.TS01_TC_01.click_on_search_button()

    Embedding Successful of Search [image/png 32656 bytes]

  Then user select the price lowest to Highest Filter in sort option # stepDefinitions.TS01_TC_02.user_select_the_price_lowest_to_highest_filter_in_sort_option()

    Embedding Successful of Search [image/png 124004 bytes]

  When user Check SUV cab type option in filter                      # stepDefinitions.TS01_TC_02.user_check_suv_cab_type_option_in_filter()

    Embedding Successful of Search [image/png 125202 bytes]

  Then user get the lowest price                                     # stepDefinitions.TS01_TC_02.user_get_the_lowest_price()

    Embedding Successful of Search [image/png 125409 bytes]

  And user check it is lowest price or not                           # stepDefinitions.TS01_TC_02.user_check_it_is_lowest_price_or_not()

    Embedding Successful of Search [image/png 125409 bytes]

The Lowest Price is: ₹ 9,720
  And user print in the console                                      # stepDefinitions.TS01_TC_02.user_print_in_the_console()

    Embedding Successful of Search [image/png 125409 bytes]

]]></system-out>
    <system-err><![CDATA[Apr 09, 2024 9:29:46 AM org.openqa.selenium.devtools.CdpVersionFinder findNearestMatch
WARNING: Unable to find CDP implementation matching 120
Apr 09, 2024 9:29:46 AM org.openqa.selenium.chromium.ChromiumDriver lambda$new$5
WARNING: Unable to find version of CDP to use for 120.0.6099.130. You may need to include a dependency on a specific version of the CDP using something similar to `org.seleniumhq.selenium:selenium-devtools-v86:4.19.1` where the version ("v86") matches the version of the chromium-based browser you're using and the version number of the artifact is the same as Selenium's.
]]></system-err>
  </testcase>
  <testcase name="verification of invalid inputs" classname="gift cards" time="37.245">
    <system-out><![CDATA[
@smoke
Scenario: verification of invalid inputs                                                                                  # Features/TS_002.feature:4
  Given the user navigates to page                                                                                        # stepDefinitions.TS01_TC_01.the_user_navigates_to_page()

    Embedding verification of invalid inputs [image/png 135186 bytes]

  Then user close the Ads                                                                                                 # stepDefinitions.TS01_TC_01.user_close_the_ads()

    Embedding verification of invalid inputs [image/png 840833 bytes]

  And user click the Cab icon                                                                                             # stepDefinitions.TS01_TC_01.user_click_the_cab_icon()

    Embedding verification of invalid inputs [image/png 300273 bytes]

  And Click on Search button                                                                                              # stepDefinitions.TS01_TC_01.click_on_search_button()

    Embedding verification of invalid inputs [image/png 32302 bytes]

  When the user clicks on more options                                                                                    # stepDefinitions.TS02_TC_01.the_user_clicks_on_more_options()

    Embedding verification of invalid inputs [image/png 37709 bytes]

  And user click the gift Cards                                                                                           # stepDefinitions.TS02_TC_01.user_click_the_gift_cards()

    Embedding verification of invalid inputs [image/png 101527 bytes]

  Given the user is on the gift card page and selects Birthday gift                                                       # stepDefinitions.TS02_TC_01.the_user_is_on_the_gift_card_page_and_selects_birthday_gift()

    Embedding verification of invalid inputs [image/png 20840 bytes]

  And the user select the Email button                                                                                    # stepDefinitions.TS02_TC_01.the_user_select_the_email_button()

    Embedding verification of invalid inputs [image/png 184207 bytes]

  And the user enters the valid values (Reciepient name: "jeeva",Senders name: "Gopu")                                    # stepDefinitions.TS02_TC_01.the_user_enters_the_valid_values_reciepient_name_senders_name_mobile_number(java.lang.String,java.lang.String)

    Embedding verification of invalid inputs [image/png 51766 bytes]

  And the user enters the valid values (Reciepient number : "9876543210", sender number: "6382907857")                    # stepDefinitions.TS02_TC_01.the_user_enters_the_valid_values_reciepient_number_sender_number(java.lang.String,java.lang.String)

    Embedding verification of invalid inputs [image/png 51376 bytes]

  And the user entersb the invalid mail Ids(sender mail id: "jack1452@gmail/com" ,reciever mail id: "gopu2421@gmail.com") # stepDefinitions.TS02_TC_01.the_user_entersb_the_invalid_mail_ids_sender_mail_id_reciever_mail_id(java.lang.String,java.lang.String)

    Embedding verification of invalid inputs [image/png 52754 bytes]

  And the user compose a message ( message: "Wishing you a very Happy birthday")                                          # stepDefinitions.TS02_TC_01.the_user_compose_a_message_message(java.lang.String)

    Embedding verification of invalid inputs [image/png 51217 bytes]

  Then the user clicks on the Buy now button                                                                              # stepDefinitions.TS02_TC_01.the_user_clicks_on_the_buy_now_button()

    Embedding verification of invalid inputs [image/png 57080 bytes]

]]></system-out>
    <system-err><![CDATA[Apr 09, 2024 9:30:25 AM org.openqa.selenium.devtools.CdpVersionFinder findNearestMatch
WARNING: Unable to find CDP implementation matching 120
Apr 09, 2024 9:30:25 AM org.openqa.selenium.chromium.ChromiumDriver lambda$new$5
WARNING: Unable to find version of CDP to use for 120.0.6099.130. You may need to include a dependency on a specific version of the CDP using something similar to `org.seleniumhq.selenium:selenium-devtools-v86:4.19.1` where the version ("v86") matches the version of the chromium-based browser you're using and the version number of the artifact is the same as Selenium's.
]]></system-err>
  </testcase>
  <testcase name="Successful of Search" classname="Verify the Search Functionality of Cab #2" time="19.508">
    <system-out><![CDATA[
@smoke
Scenario: Successful of Search                                     # Features/TS_003.feature:4
  Given the user navigates to page                                 # stepDefinitions.TS01_TC_01.the_user_navigates_to_page()

    Embedding Successful of Search [image/png 167339 bytes]

  Then user close the Ads                                          # stepDefinitions.TS01_TC_01.user_close_the_ads()

    Embedding Successful of Search [image/png 837489 bytes]

  And user click on hotels option.                                 # stepDefinitions.TS03_TC_01.user_click_on_hotels_option()

    Embedding Successful of Search [image/png 338583 bytes]

  When user enter City, Property Name Or Location(value="Manali"). # stepDefinitions.TS03_TC_01.user_enter_city_property_name_or_location_value(java.lang.String)

    Embedding Successful of Search [image/png 188917 bytes]

  And user Select a valid date from CHECK-IN(value="May 13 2024")  # stepDefinitions.TS03_TC_01.user_select_a_valid_date_from_check_in_value(java.lang.String)

    Embedding Successful of Search [image/png 191138 bytes]

  And CHECK-OUT(value="May 15 2024") in calendar.                  # stepDefinitions.TS03_TC_01.check_out_value_in_calendar(java.lang.String)

    Embedding Successful of Search [image/png 222595 bytes]

  Then user Check for the values in ADULTS (Value="5") list box.   # stepDefinitions.TS03_TC_01.user_check_for_the_values_in_adults_value_list_box(java.lang.String)

    Embedding Successful of Search [image/png 221987 bytes]

Adult List Numbers: 
01
02
03
04
05
06
07
08
09
10
11
12
13
14
15
16
17
18
19
20
21
22
23
24
25
26
27
28
29
30
31
32
33
34
35
36
37
38
39
40
  And user print the list of Adults Number List                    # stepDefinitions.TS03_TC_01.user_print_the_list_of_adults_number_list()

    Embedding Successful of Search [image/png 221914 bytes]

]]></system-out>
    <system-err><![CDATA[Apr 09, 2024 9:31:02 AM org.openqa.selenium.devtools.CdpVersionFinder findNearestMatch
WARNING: Unable to find CDP implementation matching 120
Apr 09, 2024 9:31:02 AM org.openqa.selenium.chromium.ChromiumDriver lambda$new$5
WARNING: Unable to find version of CDP to use for 120.0.6099.130. You may need to include a dependency on a specific version of the CDP using something similar to `org.seleniumhq.selenium:selenium-devtools-v86:4.19.1` where the version ("v86") matches the version of the chromium-based browser you're using and the version number of the artifact is the same as Selenium's.
]]></system-err>
  </testcase>
</testsuite>